<?xml version="1.0" encoding="UTF-8"?>
<testng-results skipped="0" failed="0" total="1" passed="1">
  <reporter-output>
  </reporter-output>
  <suite name="Default suite" duration-ms="16842" started-at="2020-03-05T04:25:02Z" finished-at="2020-03-05T04:25:19Z">
    <groups>
    </groups>
    <test name="Default test" duration-ms="16842" started-at="2020-03-05T04:25:02Z" finished-at="2020-03-05T04:25:19Z">
      <class name="Atelierna.ateliernaAI.ModificationProfil">
        <test-method status="PASS" signature="DebutPageAccueil()[pri:0, instance:Atelierna.ateliernaAI.ModificationProfil@43a25848]" name="DebutPageAccueil" is-config="true" duration-ms="3" started-at="2020-03-05T05:25:02Z" finished-at="2020-03-05T05:25:02Z">
          <reporter-output>
          </reporter-output>
        </test-method> <!-- DebutPageAccueil -->
        <test-method status="PASS" signature="beforeTest()[pri:0, instance:Atelierna.ateliernaAI.ModificationProfil@43a25848]" name="beforeTest" is-config="true" duration-ms="0" started-at="2020-03-05T05:25:02Z" finished-at="2020-03-05T05:25:02Z">
          <reporter-output>
          </reporter-output>
        </test-method> <!-- beforeTest -->
        <test-method status="PASS" signature="CreationCompte()[pri:0, instance:Atelierna.ateliernaAI.ModificationProfil@43a25848]" name="CreationCompte" duration-ms="16836" started-at="2020-03-05T05:25:02Z" finished-at="2020-03-05T05:25:19Z">
          <reporter-output>
          </reporter-output>
        </test-method> <!-- CreationCompte -->
        <test-method status="PASS" signature="afterTest()[pri:0, instance:Atelierna.ateliernaAI.ModificationProfil@43a25848]" name="afterTest" is-config="true" duration-ms="0" started-at="2020-03-05T05:25:19Z" finished-at="2020-03-05T05:25:19Z">
          <reporter-output>
          </reporter-output>
        </test-method> <!-- afterTest -->
        <test-method status="PASS" signature="FinPageAccueil()[pri:0, instance:Atelierna.ateliernaAI.ModificationProfil@43a25848]" name="FinPageAccueil" is-config="true" duration-ms="0" started-at="2020-03-05T05:25:19Z" finished-at="2020-03-05T05:25:19Z">
          <reporter-output>
          </reporter-output>
        </test-method> <!-- FinPageAccueil -->
      </class> <!-- Atelierna.ateliernaAI.ModificationProfil -->
    </test> <!-- Default test -->
  </suite> <!-- Default suite -->
</testng-results>
