<?xml version="1.0" encoding="UTF-8"?>
<!-- Generated by org.testng.reporters.JUnitXMLReporter -->
<testsuite hostname="LAPTOP-8Q9E3QU0" name="AtelierNA" tests="2" failures="1" timestamp="5 Mar 2020 01:55:48 GMT" time="22.885" errors="0">
  <testcase name="connexion" time="12.409" classname="Atelierna.ateliernaAI.Connexion">
    <failure type="java.lang.IllegalArgumentException" message="Keys to send should be a not null CharSequence">
      <![CDATA[java.lang.IllegalArgumentException: Keys to send should be a not null CharSequence
	at org.openqa.selenium.remote.RemoteWebElement.sendKeys(RemoteWebElement.java:100)
	at Atelierna.ateliernaAI.Connexion.connexion(Connexion.java:29)
... Removed 24 stack frames]]>
    </failure>
  </testcase> <!-- connexion -->
  <testcase name="HomePage" time="10.467" classname="Atelierna.ateliernaAI.Connexion"/>
</testsuite> <!-- AtelierNA -->
